<?xml version="1.0" encoding="UTF-8"?>
<!-- Generated by org.testng.reporters.JUnitReportReporter -->
<testsuite hostname="Ahmed-Tomoum" failures="0" tests="1" name="Runner.TestRunner" time="15.376" errors="0" timestamp="2024-04-07T23:37:14 EET" skipped="0">
  <testcase classname="Runner.TestRunner" name="runScenario" time="15.376"/>
  <system-out/>
</testsuite> <!-- Runner.TestRunner -->
