<?xml version="1.0" encoding="UTF-8"?>
<!-- Generated by org.testng.reporters.JUnitReportReporter -->
<testsuite hostname="Ahmed-Tomoum" failures="0" tests="1" name="TestCases.TestCases" time="11.158" errors="0" timestamp="2024-04-07T16:11:20 EET" skipped="0">
  <testcase classname="TestCases.TestCases" name="help" time="11.158"/>
  <system-out/>
</testsuite> <!-- TestCases.TestCases -->
